TN:
SF:app.js
FN:42,editData
FN:55,postData
FN:74,deleteData
FN:86,deleteCompletedData
FN:96,getData
FN:109,getActiveData
FN:119,getCompletedData
FN:129,getCertainData
FN:140,markData
FNF:9
FNH:5
FNDA:0,editData
FNDA:1,postData
FNDA:1,deleteData
FNDA:0,deleteCompletedData
FNDA:1,getData
FNDA:1,getActiveData
FNDA:1,getCompletedData
FNDA:0,getCertainData
FNDA:0,markData
DA:1,1
DA:2,1
DA:3,1
DA:4,1
DA:5,1
DA:6,1
DA:7,1
DA:8,1
DA:9,1
DA:10,1
DA:11,1
DA:12,1
DA:13,1
DA:14,1
DA:15,1
DA:16,1
DA:17,1
DA:18,1
DA:19,1
DA:20,1
DA:21,0
DA:22,1
DA:23,1
DA:24,1
DA:25,1
DA:26,1
DA:27,1
DA:28,1
DA:29,1
DA:30,1
DA:31,0
DA:32,1
DA:33,1
DA:34,1
DA:35,0
DA:36,0
DA:37,0
DA:38,0
DA:39,0
DA:40,1
DA:41,1
DA:42,0
DA:43,0
DA:44,0
DA:45,0
DA:46,0
DA:47,0
DA:48,0
DA:49,0
DA:50,0
DA:51,0
DA:52,0
DA:53,0
DA:54,0
DA:55,1
DA:56,1
DA:57,1
DA:58,1
DA:59,1
DA:60,1
DA:61,1
DA:62,1
DA:63,1
DA:64,1
DA:65,1
DA:66,1
DA:67,1
DA:68,1
DA:69,0
DA:70,0
DA:71,0
DA:72,1
DA:73,1
DA:74,1
DA:75,1
DA:76,1
DA:77,1
DA:78,1
DA:79,1
DA:80,1
DA:81,0
DA:82,0
DA:83,0
DA:84,1
DA:85,1
DA:86,0
DA:87,0
DA:88,0
DA:89,0
DA:90,0
DA:91,0
DA:92,0
DA:93,0
DA:94,0
DA:95,0
DA:96,1
DA:97,1
DA:98,1
DA:99,1
DA:100,1
DA:101,1
DA:102,1
DA:103,1
DA:104,0
DA:105,0
DA:106,0
DA:107,1
DA:108,1
DA:109,1
DA:110,1
DA:111,1
DA:112,1
DA:113,1
DA:114,1
DA:115,0
DA:116,0
DA:117,0
DA:118,1
DA:119,1
DA:120,1
DA:121,1
DA:122,1
DA:123,1
DA:124,1
DA:125,0
DA:126,0
DA:127,0
DA:128,1
DA:129,0
DA:130,0
DA:131,0
DA:132,0
DA:133,0
DA:134,0
DA:135,0
DA:136,0
DA:137,0
DA:138,0
DA:139,0
DA:140,0
DA:141,0
DA:142,0
DA:143,0
DA:144,0
DA:145,0
DA:146,0
DA:147,0
DA:148,0
DA:149,0
DA:150,0
DA:151,0
DA:152,0
DA:153,1
LF:153
LH:84
BRDA:10,0,0,1
BRDA:13,1,0,1
BRDA:16,2,0,1
BRDA:23,3,0,1
BRDA:27,4,0,1
BRDA:55,5,0,1
BRDA:68,6,0,0
BRDA:74,7,0,1
BRDA:80,8,0,0
BRDA:96,9,0,1
BRDA:103,10,0,0
BRDA:109,11,0,1
BRDA:114,12,0,0
BRDA:119,13,0,1
BRDA:124,14,0,0
BRF:15
BRH:10
end_of_record
TN:
SF:promise.js
FN:2,mySqlConnection
FN:12,queryPromise
FNF:2
FNH:2
FNDA:7,mySqlConnection
FNDA:7,queryPromise
DA:1,1
DA:2,7
DA:3,7
DA:4,7
DA:5,7
DA:6,7
DA:7,7
DA:8,7
DA:9,7
DA:10,7
DA:11,7
DA:12,1
DA:13,7
DA:14,7
DA:15,7
DA:16,7
DA:17,7
DA:18,1
DA:19,6
DA:20,6
DA:21,6
DA:22,7
DA:23,7
DA:24,7
DA:25,1
LF:25
LH:25
BRDA:2,0,0,7
BRDA:12,1,0,7
BRDA:15,2,0,7
BRDA:16,3,0,7
BRDA:17,4,0,6
BRDA:17,5,0,1
BRF:6
BRH:6
end_of_record
